TN:
SF:server/services/errorHandlingService.ts
FN:6,(anonymous_0)
FN:13,(anonymous_1)
FN:158,(anonymous_2)
FN:174,(anonymous_3)
FN:187,(anonymous_4)
FN:189,(anonymous_5)
FN:206,(anonymous_6)
FN:213,(anonymous_7)
FN:220,(anonymous_8)
FN:227,(anonymous_9)
FN:237,(anonymous_10)
FN:302,(anonymous_11)
FN:366,(anonymous_12)
FN:404,(anonymous_13)
FN:428,(anonymous_14)
FN:455,(anonymous_15)
FN:491,(anonymous_16)
FN:500,(anonymous_17)
FN:509,(anonymous_18)
FN:516,(anonymous_19)
FN:523,(anonymous_20)
FN:530,(anonymous_21)
FNF:22
FNH:15
FNDA:1,(anonymous_0)
FNDA:1,(anonymous_1)
FNDA:10,(anonymous_2)
FNDA:10,(anonymous_3)
FNDA:10,(anonymous_4)
FNDA:1,(anonymous_5)
FNDA:1,(anonymous_6)
FNDA:0,(anonymous_7)
FNDA:0,(anonymous_8)
FNDA:0,(anonymous_9)
FNDA:9,(anonymous_10)
FNDA:8,(anonymous_11)
FNDA:8,(anonymous_12)
FNDA:8,(anonymous_13)
FNDA:8,(anonymous_14)
FNDA:8,(anonymous_15)
FNDA:8,(anonymous_16)
FNDA:8,(anonymous_17)
FNDA:0,(anonymous_18)
FNDA:0,(anonymous_19)
FNDA:0,(anonymous_20)
FNDA:0,(anonymous_21)
DA:2,1
DA:3,1
DA:6,1
DA:7,1
DA:8,1
DA:9,1
DA:10,1
DA:13,1
DA:14,1
DA:15,1
DA:16,1
DA:17,1
DA:18,1
DA:19,1
DA:20,1
DA:21,1
DA:22,1
DA:23,1
DA:148,1
DA:159,10
DA:160,10
DA:161,10
DA:162,10
DA:163,10
DA:164,10
DA:165,10
DA:168,10
DA:175,10
DA:176,10
DA:177,0
DA:179,10
DA:181,10
DA:189,10
DA:190,1
DA:192,1
DA:194,1
DA:195,1
DA:196,1
DA:198,0
DA:200,0
DA:201,0
DA:206,10
DA:209,1
DA:213,10
DA:216,0
DA:220,10
DA:223,0
DA:227,10
DA:230,0
DA:238,9
DA:239,1
DA:243,8
DA:260,8
DA:262,8
DA:265,8
DA:268,8
DA:269,8
DA:273,8
DA:276,8
DA:277,8
DA:281,8
DA:282,8
DA:286,8
DA:287,8
DA:291,8
DA:294,0
DA:295,0
DA:304,8
DA:306,8
DA:308,0
DA:309,0
DA:311,8
DA:312,8
DA:314,0
DA:315,0
DA:317,0
DA:318,0
DA:322,8
DA:327,8
DA:329,8
DA:332,8
DA:333,8
DA:334,8
DA:338,8
DA:339,8
DA:354,8
DA:355,8
DA:356,8
DA:358,0
DA:359,0
DA:367,8
DA:368,0
DA:371,8
DA:372,8
DA:396,0
DA:397,0
DA:405,8
DA:406,0
DA:410,8
DA:413,8
DA:414,8
DA:417,8
DA:420,8
DA:421,8
DA:429,8
DA:430,8
DA:431,0
DA:434,8
DA:437,8
DA:439,0
DA:448,0
DA:457,8
DA:459,8
DA:460,6
DA:464,2
DA:466,2
DA:468,2
DA:471,2
DA:474,2
DA:475,1
DA:477,1
DA:481,0
DA:484,0
DA:494,8
DA:503,8
DA:510,0
DA:517,0
DA:524,0
DA:531,0
LF:129
LH:99
BRDA:6,0,0,1
BRDA:6,0,1,1
BRDA:13,1,0,1
BRDA:13,1,1,1
BRDA:175,2,0,10
BRDA:176,3,0,0
BRDA:176,4,0,10
BRDA:176,4,1,10
BRDA:192,5,0,1
BRDA:238,6,0,1
BRDA:244,7,0,1
BRDA:244,7,1,7
BRDA:245,8,0,1
BRDA:245,8,1,7
BRDA:245,9,0,7
BRDA:245,9,1,0
BRDA:246,10,0,1
BRDA:246,10,1,7
BRDA:248,11,0,8
BRDA:248,11,1,8
BRDA:249,12,0,8
BRDA:249,12,1,6
BRDA:250,13,0,8
BRDA:250,13,1,0
BRDA:254,14,0,8
BRDA:254,14,1,8
BRDA:255,15,0,8
BRDA:255,15,1,8
BRDA:256,16,0,8
BRDA:256,16,1,8
BRDA:268,17,0,8
BRDA:276,18,0,8
BRDA:276,19,0,8
BRDA:276,19,1,8
BRDA:281,20,0,8
BRDA:286,21,0,8
BRDA:306,22,0,0
BRDA:306,22,1,8
BRDA:306,22,2,0
BRDA:306,22,3,0
BRDA:322,23,0,8
BRDA:332,24,0,8
BRDA:332,25,0,8
BRDA:332,25,1,8
BRDA:341,26,0,8
BRDA:341,26,1,7
BRDA:367,27,0,0
BRDA:391,28,0,0
BRDA:391,28,1,8
BRDA:405,29,0,0
BRDA:413,30,0,8
BRDA:413,30,1,8
BRDA:420,31,0,8
BRDA:430,32,0,0
BRDA:437,33,0,0
BRDA:437,34,0,8
BRDA:437,34,1,0
BRDA:459,35,0,6
BRDA:474,36,0,1
BRDA:474,36,1,1
BRF:60
BRH:48
end_of_record
TN:
SF:server/utils/logger.ts
FNF:0
FNH:0
DA:1,1
DA:3,1
DA:26,1
LF:3
LH:3
BRDA:4,0,0,1
BRDA:4,0,1,1
BRF:2
BRH:2
end_of_record
